<?xml version="1.0" encoding="UTF-8"?>
<!-- Generated by org.testng.reporters.JUnitXMLReporter -->
<testsuite hostname="chetuiwk299" ignored="0" name="Default test" tests="1000" failures="0" timestamp="25 Sep 2018 10:16:01 GMT" time="5.023" errors="0">
  <testcase name="m2" time="0.017" classname="Selenium.practice.TestInvoc"/>
  <testcase name="m2" time="0.007" classname="Selenium.practice.TestInvoc"/>
  <testcase name="m2" time="0.004" classname="Selenium.practice.TestInvoc"/>
  <testcase name="m2" time="0.003" classname="Selenium.practice.TestInvoc"/>
  <testcase name="m2" time="0.003" classname="Selenium.practice.TestInvoc"/>
  <testcase name="m2" time="0.003" classname="Selenium.practice.TestInvoc"/>
  <testcase name="m2" time="0.002" classname="Selenium.practice.TestInvoc"/>
  <testcase name="m2" time="0.005" classname="Selenium.practice.TestInvoc"/>
  <testcase name="m2" time="0.003" classname="Selenium.practice.TestInvoc"/>
  <testcase name="m2" time="0.002" classname="Selenium.practice.TestInvoc"/>
  <testcase name="m2" time="0.004" classname="Selenium.practice.TestInvoc"/>
  <testcase name="m2" time="0.003" classname="Selenium.practice.TestInvoc"/>
  <testcase name="m2" time="0.002" classname="Selenium.practice.TestInvoc"/>
  <testcase name="m2" time="0.004" classname="Selenium.practice.TestInvoc"/>
  <testcase name="m2" time="0.002" classname="Selenium.practice.TestInvoc"/>
  <testcase name="m2" time="0.011" classname="Selenium.practice.TestInvoc"/>
  <testcase name="m2" time="0.002" classname="Selenium.practice.TestInvoc"/>
  <testcase name="m2" time="0.002" classname="Selenium.practice.TestInvoc"/>
  <testcase name="m2" time="0.001" classname="Selenium.practice.TestInvoc"/>
  <testcase name="m2" time="0.002" classname="Selenium.practice.TestInvoc"/>
  <testcase name="m2" time="0.003" classname="Selenium.practice.TestInvoc"/>
  <testcase name="m2" time="0.009" classname="Selenium.practice.TestInvoc"/>
  <testcase name="m2" time="0.003" classname="Selenium.practice.TestInvoc"/>
  <testcase name="m2" time="0.004" classname="Selenium.practice.TestInvoc"/>
  <testcase name="m2" time="0.002" classname="Selenium.practice.TestInvoc"/>
  <testcase name="m2" time="0.001" classname="Selenium.practice.TestInvoc"/>
  <testcase name="m2" time="0.002" classname="Selenium.practice.TestInvoc"/>
  <testcase name="m2" time="0.004" classname="Selenium.practice.TestInvoc"/>
  <testcase name="m2" time="0.003" classname="Selenium.practice.TestInvoc"/>
  <testcase name="m2" time="0.001" classname="Selenium.practice.TestInvoc"/>
  <testcase name="m2" time="0.002" classname="Selenium.practice.TestInvoc"/>
  <testcase name="m2" time="0.003" classname="Selenium.practice.TestInvoc"/>
  <testcase name="m2" time="0.009" classname="Selenium.practice.TestInvoc"/>
  <testcase name="m2" time="0.003" classname="Selenium.practice.TestInvoc"/>
  <testcase name="m2" time="0.002" classname="Selenium.practice.TestInvoc"/>
  <testcase name="m2" time="0.001" classname="Selenium.practice.TestInvoc"/>
  <testcase name="m2" time="0.002" classname="Selenium.practice.TestInvoc"/>
  <testcase name="m2" time="0.003" classname="Selenium.practice.TestInvoc"/>
  <testcase name="m2" time="0.002" classname="Selenium.practice.TestInvoc"/>
  <testcase name="m2" time="0.003" classname="Selenium.practice.TestInvoc"/>
  <testcase name="m2" time="0.004" classname="Selenium.practice.TestInvoc"/>
  <testcase name="m2" time="0.005" classname="Selenium.practice.TestInvoc"/>
  <testcase name="m2" time="0.002" classname="Selenium.practice.TestInvoc"/>
  <testcase name="m2" time="0.004" classname="Selenium.practice.TestInvoc"/>
  <testcase name="m2" time="0.001" classname="Selenium.practice.TestInvoc"/>
  <testcase name="m2" time="0.002" classname="Selenium.practice.TestInvoc"/>
  <testcase name="m2" time="0.003" classname="Selenium.practice.TestInvoc"/>
  <testcase name="m2" time="0.001" classname="Selenium.practice.TestInvoc"/>
  <testcase name="m2" time="0.003" classname="Selenium.practice.TestInvoc"/>
  <testcase name="m2" time="0.001" classname="Selenium.practice.TestInvoc"/>
  <testcase name="m2" time="0.001" classname="Selenium.practice.TestInvoc"/>
  <testcase name="m2" time="0.001" classname="Selenium.practice.TestInvoc"/>
  <testcase name="m2" time="0.002" classname="Selenium.practice.TestInvoc"/>
  <testcase name="m2" time="0.002" classname="Selenium.practice.TestInvoc"/>
  <testcase name="m2" time="0.003" classname="Selenium.practice.TestInvoc"/>
  <testcase name="m2" time="0.018" classname="Selenium.practice.TestInvoc"/>
  <testcase name="m2" time="0.008" classname="Selenium.practice.TestInvoc"/>
  <testcase name="m2" time="0.001" classname="Selenium.practice.TestInvoc"/>
  <testcase name="m2" time="0.001" classname="Selenium.practice.TestInvoc"/>
  <testcase name="m2" time="0.005" classname="Selenium.practice.TestInvoc"/>
  <testcase name="m2" time="0.002" classname="Selenium.practice.TestInvoc"/>
  <testcase name="m2" time="0.005" classname="Selenium.practice.TestInvoc"/>
  <testcase name="m2" time="0.002" classname="Selenium.practice.TestInvoc"/>
  <testcase name="m2" time="0.002" classname="Selenium.practice.TestInvoc"/>
  <testcase name="m2" time="0.004" classname="Selenium.practice.TestInvoc"/>
  <testcase name="m2" time="0.002" classname="Selenium.practice.TestInvoc"/>
  <testcase name="m2" time="0.001" classname="Selenium.practice.TestInvoc"/>
  <testcase name="m2" time="0.004" classname="Selenium.practice.TestInvoc"/>
  <testcase name="m2" time="0.001" classname="Selenium.practice.TestInvoc"/>
  <testcase name="m2" time="0.001" classname="Selenium.practice.TestInvoc"/>
  <testcase name="m2" time="0.003" classname="Selenium.practice.TestInvoc"/>
  <testcase name="m2" time="0.002" classname="Selenium.practice.TestInvoc"/>
  <testcase name="m2" time="0.002" classname="Selenium.practice.TestInvoc"/>
  <testcase name="m2" time="0.002" classname="Selenium.practice.TestInvoc"/>
  <testcase name="m2" time="0.004" classname="Selenium.practice.TestInvoc"/>
  <testcase name="m2" time="0.002" classname="Selenium.practice.TestInvoc"/>
  <testcase name="m2" time="0.005" classname="Selenium.practice.TestInvoc"/>
  <testcase name="m2" time="0.001" classname="Selenium.practice.TestInvoc"/>
  <testcase name="m2" time="0.002" classname="Selenium.practice.TestInvoc"/>
  <testcase name="m2" time="0.001" classname="Selenium.practice.TestInvoc"/>
  <testcase name="m2" time="0.003" classname="Selenium.practice.TestInvoc"/>
  <testcase name="m2" time="0.002" classname="Selenium.practice.TestInvoc"/>
  <testcase name="m2" time="0.002" classname="Selenium.practice.TestInvoc"/>
  <testcase name="m2" time="0.012" classname="Selenium.practice.TestInvoc"/>
  <testcase name="m2" time="0.002" classname="Selenium.practice.TestInvoc"/>
  <testcase name="m2" time="0.003" classname="Selenium.practice.TestInvoc"/>
  <testcase name="m2" time="0.002" classname="Selenium.practice.TestInvoc"/>
  <testcase name="m2" time="0.002" classname="Selenium.practice.TestInvoc"/>
  <testcase name="m2" time="0.002" classname="Selenium.practice.TestInvoc"/>
  <testcase name="m2" time="0.001" classname="Selenium.practice.TestInvoc"/>
  <testcase name="m2" time="0.001" classname="Selenium.practice.TestInvoc"/>
  <testcase name="m2" time="0.002" classname="Selenium.practice.TestInvoc"/>
  <testcase name="m2" time="0.002" classname="Selenium.practice.TestInvoc"/>
  <testcase name="m2" time="0.045" classname="Selenium.practice.TestInvoc"/>
  <testcase name="m2" time="0.018" classname="Selenium.practice.TestInvoc"/>
  <testcase name="m2" time="0.008" classname="Selenium.practice.TestInvoc"/>
  <testcase name="m2" time="0.001" classname="Selenium.practice.TestInvoc"/>
  <testcase name="m2" time="0.002" classname="Selenium.practice.TestInvoc"/>
  <testcase name="m2" time="0.001" classname="Selenium.practice.TestInvoc"/>
  <testcase name="m2" time="0.001" classname="Selenium.practice.TestInvoc"/>
  <testcase name="m2" time="0.001" classname="Selenium.practice.TestInvoc"/>
  <testcase name="m2" time="0.002" classname="Selenium.practice.TestInvoc"/>
  <testcase name="m2" time="0.002" classname="Selenium.practice.TestInvoc"/>
  <testcase name="m2" time="0.002" classname="Selenium.practice.TestInvoc"/>
  <testcase name="m2" time="0.003" classname="Selenium.practice.TestInvoc"/>
  <testcase name="m2" time="0.001" classname="Selenium.practice.TestInvoc"/>
  <testcase name="m2" time="0.002" classname="Selenium.practice.TestInvoc"/>
  <testcase name="m2" time="0.001" classname="Selenium.practice.TestInvoc"/>
  <testcase name="m2" time="0.003" classname="Selenium.practice.TestInvoc"/>
  <testcase name="m2" time="0.026" classname="Selenium.practice.TestInvoc"/>
  <testcase name="m2" time="0.001" classname="Selenium.practice.TestInvoc"/>
  <testcase name="m2" time="0.002" classname="Selenium.practice.TestInvoc"/>
  <testcase name="m2" time="0.002" classname="Selenium.practice.TestInvoc"/>
  <testcase name="m2" time="0.001" classname="Selenium.practice.TestInvoc"/>
  <testcase name="m2" time="0.002" classname="Selenium.practice.TestInvoc"/>
  <testcase name="m2" time="0.001" classname="Selenium.practice.TestInvoc"/>
  <testcase name="m2" time="0.003" classname="Selenium.practice.TestInvoc"/>
  <testcase name="m2" time="0.005" classname="Selenium.practice.TestInvoc"/>
  <testcase name="m2" time="0.002" classname="Selenium.practice.TestInvoc"/>
  <testcase name="m2" time="0.001" classname="Selenium.practice.TestInvoc"/>
  <testcase name="m2" time="0.001" classname="Selenium.practice.TestInvoc"/>
  <testcase name="m2" time="0.002" classname="Selenium.practice.TestInvoc"/>
  <testcase name="m2" time="0.013" classname="Selenium.practice.TestInvoc"/>
  <testcase name="m2" time="0.002" classname="Selenium.practice.TestInvoc"/>
  <testcase name="m2" time="0.005" classname="Selenium.practice.TestInvoc"/>
  <testcase name="m2" time="0.003" classname="Selenium.practice.TestInvoc"/>
  <testcase name="m2" time="0.004" classname="Selenium.practice.TestInvoc"/>
  <testcase name="m2" time="0.007" classname="Selenium.practice.TestInvoc"/>
  <testcase name="m2" time="0.002" classname="Selenium.practice.TestInvoc"/>
  <testcase name="m2" time="0.001" classname="Selenium.practice.TestInvoc"/>
  <testcase name="m2" time="0.005" classname="Selenium.practice.TestInvoc"/>
  <testcase name="m2" time="0.001" classname="Selenium.practice.TestInvoc"/>
  <testcase name="m2" time="0.001" classname="Selenium.practice.TestInvoc"/>
  <testcase name="m2" time="0.001" classname="Selenium.practice.TestInvoc"/>
  <testcase name="m2" time="0.001" classname="Selenium.practice.TestInvoc"/>
  <testcase name="m2" time="0.001" classname="Selenium.practice.TestInvoc"/>
  <testcase name="m2" time="0.001" classname="Selenium.practice.TestInvoc"/>
  <testcase name="m2" time="0.002" classname="Selenium.practice.TestInvoc"/>
  <testcase name="m2" time="0.001" classname="Selenium.practice.TestInvoc"/>
  <testcase name="m2" time="0.001" classname="Selenium.practice.TestInvoc"/>
  <testcase name="m2" time="0.001" classname="Selenium.practice.TestInvoc"/>
  <testcase name="m2" time="0.009" classname="Selenium.practice.TestInvoc"/>
  <testcase name="m2" time="0.003" classname="Selenium.practice.TestInvoc"/>
  <testcase name="m2" time="0.03" classname="Selenium.practice.TestInvoc"/>
  <testcase name="m2" time="0.002" classname="Selenium.practice.TestInvoc"/>
  <testcase name="m2" time="0.001" classname="Selenium.practice.TestInvoc"/>
  <testcase name="m2" time="0.004" classname="Selenium.practice.TestInvoc"/>
  <testcase name="m2" time="0.001" classname="Selenium.practice.TestInvoc"/>
  <testcase name="m2" time="0.001" classname="Selenium.practice.TestInvoc"/>
  <testcase name="m2" time="0.001" classname="Selenium.practice.TestInvoc"/>
  <testcase name="m2" time="0.001" classname="Selenium.practice.TestInvoc"/>
  <testcase name="m2" time="0.003" classname="Selenium.practice.TestInvoc"/>
  <testcase name="m2" time="0.002" classname="Selenium.practice.TestInvoc"/>
  <testcase name="m2" time="0.001" classname="Selenium.practice.TestInvoc"/>
  <testcase name="m2" time="0.001" classname="Selenium.practice.TestInvoc"/>
  <testcase name="m2" time="0.002" classname="Selenium.practice.TestInvoc"/>
  <testcase name="m2" time="0.001" classname="Selenium.practice.TestInvoc"/>
  <testcase name="m2" time="0.001" classname="Selenium.practice.TestInvoc"/>
  <testcase name="m2" time="0.001" classname="Selenium.practice.TestInvoc"/>
  <testcase name="m2" time="0.004" classname="Selenium.practice.TestInvoc"/>
  <testcase name="m2" time="0.002" classname="Selenium.practice.TestInvoc"/>
  <testcase name="m2" time="0.004" classname="Selenium.practice.TestInvoc"/>
  <testcase name="m2" time="0.001" classname="Selenium.practice.TestInvoc"/>
  <testcase name="m2" time="0.003" classname="Selenium.practice.TestInvoc"/>
  <testcase name="m2" time="0.002" classname="Selenium.practice.TestInvoc"/>
  <testcase name="m2" time="0.001" classname="Selenium.practice.TestInvoc"/>
  <testcase name="m2" time="0.002" classname="Selenium.practice.TestInvoc"/>
  <testcase name="m2" time="0.01" classname="Selenium.practice.TestInvoc"/>
  <testcase name="m2" time="0.002" classname="Selenium.practice.TestInvoc"/>
  <testcase name="m2" time="0.004" classname="Selenium.practice.TestInvoc"/>
  <testcase name="m2" time="0.001" classname="Selenium.practice.TestInvoc"/>
  <testcase name="m2" time="0.003" classname="Selenium.practice.TestInvoc"/>
  <testcase name="m2" time="0.002" classname="Selenium.practice.TestInvoc"/>
  <testcase name="m2" time="0.001" classname="Selenium.practice.TestInvoc"/>
  <testcase name="m2" time="0.002" classname="Selenium.practice.TestInvoc"/>
  <testcase name="m2" time="0.002" classname="Selenium.practice.TestInvoc"/>
  <testcase name="m2" time="0.001" classname="Selenium.practice.TestInvoc"/>
  <testcase name="m2" time="0.001" classname="Selenium.practice.TestInvoc"/>
  <testcase name="m2" time="0.002" classname="Selenium.practice.TestInvoc"/>
  <testcase name="m2" time="0.002" classname="Selenium.practice.TestInvoc"/>
  <testcase name="m2" time="0.001" classname="Selenium.practice.TestInvoc"/>
  <testcase name="m2" time="0.001" classname="Selenium.practice.TestInvoc"/>
  <testcase name="m2" time="0.002" classname="Selenium.practice.TestInvoc"/>
  <testcase name="m2" time="0.002" classname="Selenium.practice.TestInvoc"/>
  <testcase name="m2" time="0.004" classname="Selenium.practice.TestInvoc"/>
  <testcase name="m2" time="0.001" classname="Selenium.practice.TestInvoc"/>
  <testcase name="m2" time="0.001" classname="Selenium.practice.TestInvoc"/>
  <testcase name="m2" time="0.001" classname="Selenium.practice.TestInvoc"/>
  <testcase name="m2" time="0.019" classname="Selenium.practice.TestInvoc"/>
  <testcase name="m2" time="0.002" classname="Selenium.practice.TestInvoc"/>
  <testcase name="m2" time="0.001" classname="Selenium.practice.TestInvoc"/>
  <testcase name="m2" time="0.02" classname="Selenium.practice.TestInvoc"/>
  <testcase name="m2" time="0.002" classname="Selenium.practice.TestInvoc"/>
  <testcase name="m2" time="0.002" classname="Selenium.practice.TestInvoc"/>
  <testcase name="m2" time="0.001" classname="Selenium.practice.TestInvoc"/>
  <testcase name="m2" time="0.002" classname="Selenium.practice.TestInvoc"/>
  <testcase name="m2" time="0.001" classname="Selenium.practice.TestInvoc"/>
  <testcase name="m2" time="0.002" classname="Selenium.practice.TestInvoc"/>
  <testcase name="m2" time="0.001" classname="Selenium.practice.TestInvoc"/>
  <testcase name="m2" time="0.003" classname="Selenium.practice.TestInvoc"/>
  <testcase name="m2" time="0.001" classname="Selenium.practice.TestInvoc"/>
  <testcase name="m2" time="0.001" classname="Selenium.practice.TestInvoc"/>
  <testcase name="m2" time="0.001" classname="Selenium.practice.TestInvoc"/>
  <testcase name="m2" time="0.001" classname="Selenium.practice.TestInvoc"/>
  <testcase name="m2" time="0.001" classname="Selenium.practice.TestInvoc"/>
  <testcase name="m2" time="0.001" classname="Selenium.practice.TestInvoc"/>
  <testcase name="m2" time="0.001" classname="Selenium.practice.TestInvoc"/>
  <testcase name="m2" time="0.001" classname="Selenium.practice.TestInvoc"/>
  <testcase name="m2" time="0.001" classname="Selenium.practice.TestInvoc"/>
  <testcase name="m2" time="0.001" classname="Selenium.practice.TestInvoc"/>
  <testcase name="m2" time="0.001" classname="Selenium.practice.TestInvoc"/>
  <testcase name="m2" time="0.001" classname="Selenium.practice.TestInvoc"/>
  <testcase name="m2" time="0.001" classname="Selenium.practice.TestInvoc"/>
  <testcase name="m2" time="0.002" classname="Selenium.practice.TestInvoc"/>
  <testcase name="m2" time="0.001" classname="Selenium.practice.TestInvoc"/>
  <testcase name="m2" time="0.004" classname="Selenium.practice.TestInvoc"/>
  <testcase name="m2" time="0.002" classname="Selenium.practice.TestInvoc"/>
  <testcase name="m2" time="0.001" classname="Selenium.practice.TestInvoc"/>
  <testcase name="m2" time="0.001" classname="Selenium.practice.TestInvoc"/>
  <testcase name="m2" time="0.001" classname="Selenium.practice.TestInvoc"/>
  <testcase name="m2" time="0.001" classname="Selenium.practice.TestInvoc"/>
  <testcase name="m2" time="0.005" classname="Selenium.practice.TestInvoc"/>
  <testcase name="m2" time="0.001" classname="Selenium.practice.TestInvoc"/>
  <testcase name="m2" time="0.001" classname="Selenium.practice.TestInvoc"/>
  <testcase name="m2" time="0.001" classname="Selenium.practice.TestInvoc"/>
  <testcase name="m2" time="0.001" classname="Selenium.practice.TestInvoc"/>
  <testcase name="m2" time="0.001" classname="Selenium.practice.TestInvoc"/>
  <testcase name="m2" time="0.002" classname="Selenium.practice.TestInvoc"/>
  <testcase name="m2" time="0.004" classname="Selenium.practice.TestInvoc"/>
  <testcase name="m2" time="0.001" classname="Selenium.practice.TestInvoc"/>
  <testcase name="m2" time="0.002" classname="Selenium.practice.TestInvoc"/>
  <testcase name="m2" time="0.001" classname="Selenium.practice.TestInvoc"/>
  <testcase name="m2" time="0.001" classname="Selenium.practice.TestInvoc"/>
  <testcase name="m2" time="0.002" classname="Selenium.practice.TestInvoc"/>
  <testcase name="m2" time="0.001" classname="Selenium.practice.TestInvoc"/>
  <testcase name="m2" time="0.001" classname="Selenium.practice.TestInvoc"/>
  <testcase name="m2" time="0.001" classname="Selenium.practice.TestInvoc"/>
  <testcase name="m2" time="0.014" classname="Selenium.practice.TestInvoc"/>
  <testcase name="m2" time="0.002" classname="Selenium.practice.TestInvoc"/>
  <testcase name="m2" time="0.001" classname="Selenium.practice.TestInvoc"/>
  <testcase name="m2" time="0.001" classname="Selenium.practice.TestInvoc"/>
  <testcase name="m2" time="0.001" classname="Selenium.practice.TestInvoc"/>
  <testcase name="m2" time="0.002" classname="Selenium.practice.TestInvoc"/>
  <testcase name="m2" time="0.002" classname="Selenium.practice.TestInvoc"/>
  <testcase name="m2" time="0.001" classname="Selenium.practice.TestInvoc"/>
  <testcase name="m2" time="0.002" classname="Selenium.practice.TestInvoc"/>
  <testcase name="m2" time="0.001" classname="Selenium.practice.TestInvoc"/>
  <testcase name="m2" time="0.002" classname="Selenium.practice.TestInvoc"/>
  <testcase name="m2" time="0.003" classname="Selenium.practice.TestInvoc"/>
  <testcase name="m2" time="0.002" classname="Selenium.practice.TestInvoc"/>
  <testcase name="m2" time="0.003" classname="Selenium.practice.TestInvoc"/>
  <testcase name="m2" time="0.002" classname="Selenium.practice.TestInvoc"/>
  <testcase name="m2" time="0.001" classname="Selenium.practice.TestInvoc"/>
  <testcase name="m2" time="0.007" classname="Selenium.practice.TestInvoc"/>
  <testcase name="m2" time="0.008" classname="Selenium.practice.TestInvoc"/>
  <testcase name="m2" time="0.006" classname="Selenium.practice.TestInvoc"/>
  <testcase name="m2" time="0.004" classname="Selenium.practice.TestInvoc"/>
  <testcase name="m2" time="0.002" classname="Selenium.practice.TestInvoc"/>
  <testcase name="m2" time="0.002" classname="Selenium.practice.TestInvoc"/>
  <testcase name="m2" time="0.001" classname="Selenium.practice.TestInvoc"/>
  <testcase name="m2" time="0.001" classname="Selenium.practice.TestInvoc"/>
  <testcase name="m2" time="0.001" classname="Selenium.practice.TestInvoc"/>
  <testcase name="m2" time="0.005" classname="Selenium.practice.TestInvoc"/>
  <testcase name="m2" time="0.001" classname="Selenium.practice.TestInvoc"/>
  <testcase name="m2" time="0.001" classname="Selenium.practice.TestInvoc"/>
  <testcase name="m2" time="0.0" classname="Selenium.practice.TestInvoc"/>
  <testcase name="m2" time="0.001" classname="Selenium.practice.TestInvoc"/>
  <testcase name="m2" time="0.001" classname="Selenium.practice.TestInvoc"/>
  <testcase name="m2" time="0.001" classname="Selenium.practice.TestInvoc"/>
  <testcase name="m2" time="0.051" classname="Selenium.practice.TestInvoc"/>
  <testcase name="m2" time="0.003" classname="Selenium.practice.TestInvoc"/>
  <testcase name="m2" time="0.002" classname="Selenium.practice.TestInvoc"/>
  <testcase name="m2" time="0.001" classname="Selenium.practice.TestInvoc"/>
  <testcase name="m2" time="0.0" classname="Selenium.practice.TestInvoc"/>
  <testcase name="m2" time="0.001" classname="Selenium.practice.TestInvoc"/>
  <testcase name="m2" time="0.001" classname="Selenium.practice.TestInvoc"/>
  <testcase name="m2" time="0.002" classname="Selenium.practice.TestInvoc"/>
  <testcase name="m2" time="0.001" classname="Selenium.practice.TestInvoc"/>
  <testcase name="m2" time="0.012" classname="Selenium.practice.TestInvoc"/>
  <testcase name="m2" time="0.001" classname="Selenium.practice.TestInvoc"/>
  <testcase name="m2" time="0.001" classname="Selenium.practice.TestInvoc"/>
  <testcase name="m2" time="0.002" classname="Selenium.practice.TestInvoc"/>
  <testcase name="m2" time="0.001" classname="Selenium.practice.TestInvoc"/>
  <testcase name="m2" time="0.001" classname="Selenium.practice.TestInvoc"/>
  <testcase name="m2" time="0.001" classname="Selenium.practice.TestInvoc"/>
  <testcase name="m2" time="0.005" classname="Selenium.practice.TestInvoc"/>
  <testcase name="m2" time="0.0" classname="Selenium.practice.TestInvoc"/>
  <testcase name="m2" time="0.001" classname="Selenium.practice.TestInvoc"/>
  <testcase name="m2" time="0.001" classname="Selenium.practice.TestInvoc"/>
  <testcase name="m2" time="0.001" classname="Selenium.practice.TestInvoc"/>
  <testcase name="m2" time="0.0" classname="Selenium.practice.TestInvoc"/>
  <testcase name="m2" time="0.001" classname="Selenium.practice.TestInvoc"/>
  <testcase name="m2" time="0.001" classname="Selenium.practice.TestInvoc"/>
  <testcase name="m2" time="0.001" classname="Selenium.practice.TestInvoc"/>
  <testcase name="m2" time="0.002" classname="Selenium.practice.TestInvoc"/>
  <testcase name="m2" time="0.001" classname="Selenium.practice.TestInvoc"/>
  <testcase name="m2" time="0.001" classname="Selenium.practice.TestInvoc"/>
  <testcase name="m2" time="0.001" classname="Selenium.practice.TestInvoc"/>
  <testcase name="m2" time="0.001" classname="Selenium.practice.TestInvoc"/>
  <testcase name="m2" time="0.002" classname="Selenium.practice.TestInvoc"/>
  <testcase name="m2" time="0.001" classname="Selenium.practice.TestInvoc"/>
  <testcase name="m2" time="0.002" classname="Selenium.practice.TestInvoc"/>
  <testcase name="m2" time="0.003" classname="Selenium.practice.TestInvoc"/>
  <testcase name="m2" time="0.002" classname="Selenium.practice.TestInvoc"/>
  <testcase name="m2" time="0.002" classname="Selenium.practice.TestInvoc"/>
  <testcase name="m2" time="0.001" classname="Selenium.practice.TestInvoc"/>
  <testcase name="m2" time="0.002" classname="Selenium.practice.TestInvoc"/>
  <testcase name="m2" time="0.002" classname="Selenium.practice.TestInvoc"/>
  <testcase name="m2" time="0.004" classname="Selenium.practice.TestInvoc"/>
  <testcase name="m2" time="0.001" classname="Selenium.practice.TestInvoc"/>
  <testcase name="m2" time="0.0" classname="Selenium.practice.TestInvoc"/>
  <testcase name="m2" time="0.001" classname="Selenium.practice.TestInvoc"/>
  <testcase name="m2" time="0.001" classname="Selenium.practice.TestInvoc"/>
  <testcase name="m2" time="0.001" classname="Selenium.practice.TestInvoc"/>
  <testcase name="m2" time="0.001" classname="Selenium.practice.TestInvoc"/>
  <testcase name="m2" time="0.001" classname="Selenium.practice.TestInvoc"/>
  <testcase name="m2" time="0.004" classname="Selenium.practice.TestInvoc"/>
  <testcase name="m2" time="0.0" classname="Selenium.practice.TestInvoc"/>
  <testcase name="m2" time="0.001" classname="Selenium.practice.TestInvoc"/>
  <testcase name="m2" time="0.007" classname="Selenium.practice.TestInvoc"/>
  <testcase name="m2" time="0.001" classname="Selenium.practice.TestInvoc"/>
  <testcase name="m2" time="0.001" classname="Selenium.practice.TestInvoc"/>
  <testcase name="m2" time="0.002" classname="Selenium.practice.TestInvoc"/>
  <testcase name="m2" time="0.001" classname="Selenium.practice.TestInvoc"/>
  <testcase name="m2" time="0.001" classname="Selenium.practice.TestInvoc"/>
  <testcase name="m2" time="0.002" classname="Selenium.practice.TestInvoc"/>
  <testcase name="m2" time="0.001" classname="Selenium.practice.TestInvoc"/>
  <testcase name="m2" time="0.001" classname="Selenium.practice.TestInvoc"/>
  <testcase name="m2" time="0.001" classname="Selenium.practice.TestInvoc"/>
  <testcase name="m2" time="0.001" classname="Selenium.practice.TestInvoc"/>
  <testcase name="m2" time="0.003" classname="Selenium.practice.TestInvoc"/>
  <testcase name="m2" time="0.0" classname="Selenium.practice.TestInvoc"/>
  <testcase name="m2" time="0.001" classname="Selenium.practice.TestInvoc"/>
  <testcase name="m2" time="0.01" classname="Selenium.practice.TestInvoc"/>
  <testcase name="m2" time="0.001" classname="Selenium.practice.TestInvoc"/>
  <testcase name="m2" time="0.001" classname="Selenium.practice.TestInvoc"/>
  <testcase name="m2" time="0.002" classname="Selenium.practice.TestInvoc"/>
  <testcase name="m2" time="0.001" classname="Selenium.practice.TestInvoc"/>
  <testcase name="m2" time="0.001" classname="Selenium.practice.TestInvoc"/>
  <testcase name="m2" time="0.001" classname="Selenium.practice.TestInvoc"/>
  <testcase name="m2" time="0.0" classname="Selenium.practice.TestInvoc"/>
  <testcase name="m2" time="0.003" classname="Selenium.practice.TestInvoc"/>
  <testcase name="m2" time="0.003" classname="Selenium.practice.TestInvoc"/>
  <testcase name="m2" time="0.001" classname="Selenium.practice.TestInvoc"/>
  <testcase name="m2" time="0.002" classname="Selenium.practice.TestInvoc"/>
  <testcase name="m2" time="0.001" classname="Selenium.practice.TestInvoc"/>
  <testcase name="m2" time="0.001" classname="Selenium.practice.TestInvoc"/>
  <testcase name="m2" time="0.0" classname="Selenium.practice.TestInvoc"/>
  <testcase name="m2" time="0.001" classname="Selenium.practice.TestInvoc"/>
  <testcase name="m2" time="0.0" classname="Selenium.practice.TestInvoc"/>
  <testcase name="m2" time="0.001" classname="Selenium.practice.TestInvoc"/>
  <testcase name="m2" time="0.001" classname="Selenium.practice.TestInvoc"/>
  <testcase name="m2" time="0.001" classname="Selenium.practice.TestInvoc"/>
  <testcase name="m2" time="0.001" classname="Selenium.practice.TestInvoc"/>
  <testcase name="m2" time="0.001" classname="Selenium.practice.TestInvoc"/>
  <testcase name="m2" time="0.0" classname="Selenium.practice.TestInvoc"/>
  <testcase name="m2" time="0.001" classname="Selenium.practice.TestInvoc"/>
  <testcase name="m2" time="0.002" classname="Selenium.practice.TestInvoc"/>
  <testcase name="m2" time="0.0" classname="Selenium.practice.TestInvoc"/>
  <testcase name="m2" time="0.002" classname="Selenium.practice.TestInvoc"/>
  <testcase name="m2" time="0.001" classname="Selenium.practice.TestInvoc"/>
  <testcase name="m2" time="0.001" classname="Selenium.practice.TestInvoc"/>
  <testcase name="m2" time="0.001" classname="Selenium.practice.TestInvoc"/>
  <testcase name="m2" time="0.001" classname="Selenium.practice.TestInvoc"/>
  <testcase name="m2" time="0.005" classname="Selenium.practice.TestInvoc"/>
  <testcase name="m2" time="0.001" classname="Selenium.practice.TestInvoc"/>
  <testcase name="m2" time="0.001" classname="Selenium.practice.TestInvoc"/>
  <testcase name="m2" time="0.016" classname="Selenium.practice.TestInvoc"/>
  <testcase name="m2" time="0.001" classname="Selenium.practice.TestInvoc"/>
  <testcase name="m2" time="0.001" classname="Selenium.practice.TestInvoc"/>
  <testcase name="m2" time="0.006" classname="Selenium.practice.TestInvoc"/>
  <testcase name="m2" time="0.001" classname="Selenium.practice.TestInvoc"/>
  <testcase name="m2" time="0.001" classname="Selenium.practice.TestInvoc"/>
  <testcase name="m2" time="0.003" classname="Selenium.practice.TestInvoc"/>
  <testcase name="m2" time="0.001" classname="Selenium.practice.TestInvoc"/>
  <testcase name="m2" time="0.001" classname="Selenium.practice.TestInvoc"/>
  <testcase name="m2" time="0.0" classname="Selenium.practice.TestInvoc"/>
  <testcase name="m2" time="0.004" classname="Selenium.practice.TestInvoc"/>
  <testcase name="m2" time="0.001" classname="Selenium.practice.TestInvoc"/>
  <testcase name="m2" time="0.001" classname="Selenium.practice.TestInvoc"/>
  <testcase name="m2" time="0.0" classname="Selenium.practice.TestInvoc"/>
  <testcase name="m2" time="0.001" classname="Selenium.practice.TestInvoc"/>
  <testcase name="m2" time="0.002" classname="Selenium.practice.TestInvoc"/>
  <testcase name="m2" time="0.004" classname="Selenium.practice.TestInvoc"/>
  <testcase name="m2" time="0.001" classname="Selenium.practice.TestInvoc"/>
  <testcase name="m2" time="0.002" classname="Selenium.practice.TestInvoc"/>
  <testcase name="m2" time="0.0" classname="Selenium.practice.TestInvoc"/>
  <testcase name="m2" time="0.001" classname="Selenium.practice.TestInvoc"/>
  <testcase name="m2" time="0.001" classname="Selenium.practice.TestInvoc"/>
  <testcase name="m2" time="0.0" classname="Selenium.practice.TestInvoc"/>
  <testcase name="m2" time="0.0" classname="Selenium.practice.TestInvoc"/>
  <testcase name="m2" time="0.0" classname="Selenium.practice.TestInvoc"/>
  <testcase name="m2" time="0.005" classname="Selenium.practice.TestInvoc"/>
  <testcase name="m2" time="0.001" classname="Selenium.practice.TestInvoc"/>
  <testcase name="m2" time="0.001" classname="Selenium.practice.TestInvoc"/>
  <testcase name="m2" time="0.001" classname="Selenium.practice.TestInvoc"/>
  <testcase name="m2" time="0.001" classname="Selenium.practice.TestInvoc"/>
  <testcase name="m2" time="0.001" classname="Selenium.practice.TestInvoc"/>
  <testcase name="m2" time="0.0" classname="Selenium.practice.TestInvoc"/>
  <testcase name="m2" time="0.002" classname="Selenium.practice.TestInvoc"/>
  <testcase name="m2" time="0.001" classname="Selenium.practice.TestInvoc"/>
  <testcase name="m2" time="0.001" classname="Selenium.practice.TestInvoc"/>
  <testcase name="m2" time="0.001" classname="Selenium.practice.TestInvoc"/>
  <testcase name="m2" time="0.001" classname="Selenium.practice.TestInvoc"/>
  <testcase name="m2" time="0.001" classname="Selenium.practice.TestInvoc"/>
  <testcase name="m2" time="0.001" classname="Selenium.practice.TestInvoc"/>
  <testcase name="m2" time="0.004" classname="Selenium.practice.TestInvoc"/>
  <testcase name="m2" time="0.001" classname="Selenium.practice.TestInvoc"/>
  <testcase name="m2" time="0.011" classname="Selenium.practice.TestInvoc"/>
  <testcase name="m2" time="0.001" classname="Selenium.practice.TestInvoc"/>
  <testcase name="m2" time="0.001" classname="Selenium.practice.TestInvoc"/>
  <testcase name="m2" time="0.001" classname="Selenium.practice.TestInvoc"/>
  <testcase name="m2" time="0.001" classname="Selenium.practice.TestInvoc"/>
  <testcase name="m2" time="0.0" classname="Selenium.practice.TestInvoc"/>
  <testcase name="m2" time="0.001" classname="Selenium.practice.TestInvoc"/>
  <testcase name="m2" time="0.0" classname="Selenium.practice.TestInvoc"/>
  <testcase name="m2" time="0.001" classname="Selenium.practice.TestInvoc"/>
  <testcase name="m2" time="0.0" classname="Selenium.practice.TestInvoc"/>
  <testcase name="m2" time="0.001" classname="Selenium.practice.TestInvoc"/>
  <testcase name="m2" time="0.002" classname="Selenium.practice.TestInvoc"/>
  <testcase name="m2" time="0.001" classname="Selenium.practice.TestInvoc"/>
  <testcase name="m2" time="0.0" classname="Selenium.practice.TestInvoc"/>
  <testcase name="m2" time="0.001" classname="Selenium.practice.TestInvoc"/>
  <testcase name="m2" time="0.0" classname="Selenium.practice.TestInvoc"/>
  <testcase name="m2" time="0.001" classname="Selenium.practice.TestInvoc"/>
  <testcase name="m2" time="0.001" classname="Selenium.practice.TestInvoc"/>
  <testcase name="m2" time="0.001" classname="Selenium.practice.TestInvoc"/>
  <testcase name="m2" time="0.001" classname="Selenium.practice.TestInvoc"/>
  <testcase name="m2" time="0.0" classname="Selenium.practice.TestInvoc"/>
  <testcase name="m2" time="0.001" classname="Selenium.practice.TestInvoc"/>
  <testcase name="m2" time="0.0" classname="Selenium.practice.TestInvoc"/>
  <testcase name="m2" time="0.002" classname="Selenium.practice.TestInvoc"/>
  <testcase name="m2" time="0.001" classname="Selenium.practice.TestInvoc"/>
  <testcase name="m2" time="0.015" classname="Selenium.practice.TestInvoc"/>
  <testcase name="m2" time="0.002" classname="Selenium.practice.TestInvoc"/>
  <testcase name="m2" time="0.001" classname="Selenium.practice.TestInvoc"/>
  <testcase name="m2" time="0.001" classname="Selenium.practice.TestInvoc"/>
  <testcase name="m2" time="0.0" classname="Selenium.practice.TestInvoc"/>
  <testcase name="m2" time="0.001" classname="Selenium.practice.TestInvoc"/>
  <testcase name="m2" time="0.001" classname="Selenium.practice.TestInvoc"/>
  <testcase name="m2" time="0.001" classname="Selenium.practice.TestInvoc"/>
  <testcase name="m2" time="0.001" classname="Selenium.practice.TestInvoc"/>
  <testcase name="m2" time="0.001" classname="Selenium.practice.TestInvoc"/>
  <testcase name="m2" time="0.001" classname="Selenium.practice.TestInvoc"/>
  <testcase name="m2" time="0.001" classname="Selenium.practice.TestInvoc"/>
  <testcase name="m2" time="0.0" classname="Selenium.practice.TestInvoc"/>
  <testcase name="m2" time="0.001" classname="Selenium.practice.TestInvoc"/>
  <testcase name="m2" time="0.001" classname="Selenium.practice.TestInvoc"/>
  <testcase name="m2" time="0.0" classname="Selenium.practice.TestInvoc"/>
  <testcase name="m2" time="0.001" classname="Selenium.practice.TestInvoc"/>
  <testcase name="m2" time="0.001" classname="Selenium.practice.TestInvoc"/>
  <testcase name="m2" time="0.0" classname="Selenium.practice.TestInvoc"/>
  <testcase name="m2" time="0.001" classname="Selenium.practice.TestInvoc"/>
  <testcase name="m2" time="0.001" classname="Selenium.practice.TestInvoc"/>
  <testcase name="m2" time="0.0" classname="Selenium.practice.TestInvoc"/>
  <testcase name="m2" time="0.001" classname="Selenium.practice.TestInvoc"/>
  <testcase name="m2" time="0.0" classname="Selenium.practice.TestInvoc"/>
  <testcase name="m2" time="0.004" classname="Selenium.practice.TestInvoc"/>
  <testcase name="m2" time="0.009" classname="Selenium.practice.TestInvoc"/>
  <testcase name="m2" time="0.001" classname="Selenium.practice.TestInvoc"/>
  <testcase name="m2" time="0.04" classname="Selenium.practice.TestInvoc"/>
  <testcase name="m2" time="0.001" classname="Selenium.practice.TestInvoc"/>
  <testcase name="m2" time="0.062" classname="Selenium.practice.TestInvoc"/>
  <testcase name="m2" time="0.001" classname="Selenium.practice.TestInvoc"/>
  <testcase name="m2" time="0.002" classname="Selenium.practice.TestInvoc"/>
  <testcase name="m2" time="0.001" classname="Selenium.practice.TestInvoc"/>
  <testcase name="m2" time="0.001" classname="Selenium.practice.TestInvoc"/>
  <testcase name="m2" time="0.001" classname="Selenium.practice.TestInvoc"/>
  <testcase name="m2" time="0.001" classname="Selenium.practice.TestInvoc"/>
  <testcase name="m2" time="0.002" classname="Selenium.practice.TestInvoc"/>
  <testcase name="m2" time="0.001" classname="Selenium.practice.TestInvoc"/>
  <testcase name="m2" time="0.001" classname="Selenium.practice.TestInvoc"/>
  <testcase name="m2" time="0.001" classname="Selenium.practice.TestInvoc"/>
  <testcase name="m2" time="0.001" classname="Selenium.practice.TestInvoc"/>
  <testcase name="m2" time="0.002" classname="Selenium.practice.TestInvoc"/>
  <testcase name="m2" time="0.001" classname="Selenium.practice.TestInvoc"/>
  <testcase name="m2" time="0.001" classname="Selenium.practice.TestInvoc"/>
  <testcase name="m2" time="0.002" classname="Selenium.practice.TestInvoc"/>
  <testcase name="m2" time="0.002" classname="Selenium.practice.TestInvoc"/>
  <testcase name="m2" time="0.003" classname="Selenium.practice.TestInvoc"/>
  <testcase name="m2" time="0.001" classname="Selenium.practice.TestInvoc"/>
  <testcase name="m2" time="0.0" classname="Selenium.practice.TestInvoc"/>
  <testcase name="m2" time="0.0" classname="Selenium.practice.TestInvoc"/>
  <testcase name="m2" time="0.001" classname="Selenium.practice.TestInvoc"/>
  <testcase name="m2" time="0.0" classname="Selenium.practice.TestInvoc"/>
  <testcase name="m2" time="0.004" classname="Selenium.practice.TestInvoc"/>
  <testcase name="m2" time="0.0" classname="Selenium.practice.TestInvoc"/>
  <testcase name="m2" time="0.001" classname="Selenium.practice.TestInvoc"/>
  <testcase name="m2" time="0.015" classname="Selenium.practice.TestInvoc"/>
  <testcase name="m2" time="0.001" classname="Selenium.practice.TestInvoc"/>
  <testcase name="m2" time="0.001" classname="Selenium.practice.TestInvoc"/>
  <testcase name="m2" time="0.001" classname="Selenium.practice.TestInvoc"/>
  <testcase name="m2" time="0.001" classname="Selenium.practice.TestInvoc"/>
  <testcase name="m2" time="0.001" classname="Selenium.practice.TestInvoc"/>
  <testcase name="m2" time="0.0" classname="Selenium.practice.TestInvoc"/>
  <testcase name="m2" time="0.001" classname="Selenium.practice.TestInvoc"/>
  <testcase name="m2" time="0.001" classname="Selenium.practice.TestInvoc"/>
  <testcase name="m2" time="0.001" classname="Selenium.practice.TestInvoc"/>
  <testcase name="m2" time="0.0" classname="Selenium.practice.TestInvoc"/>
  <testcase name="m2" time="0.001" classname="Selenium.practice.TestInvoc"/>
  <testcase name="m2" time="0.0" classname="Selenium.practice.TestInvoc"/>
  <testcase name="m2" time="0.01" classname="Selenium.practice.TestInvoc"/>
  <testcase name="m2" time="0.006" classname="Selenium.practice.TestInvoc"/>
  <testcase name="m2" time="0.001" classname="Selenium.practice.TestInvoc"/>
  <testcase name="m2" time="0.001" classname="Selenium.practice.TestInvoc"/>
  <testcase name="m2" time="0.001" classname="Selenium.practice.TestInvoc"/>
  <testcase name="m2" time="0.0" classname="Selenium.practice.TestInvoc"/>
  <testcase name="m2" time="0.001" classname="Selenium.practice.TestInvoc"/>
  <testcase name="m2" time="0.0" classname="Selenium.practice.TestInvoc"/>
  <testcase name="m2" time="0.001" classname="Selenium.practice.TestInvoc"/>
  <testcase name="m2" time="0.005" classname="Selenium.practice.TestInvoc"/>
  <testcase name="m2" time="0.001" classname="Selenium.practice.TestInvoc"/>
  <testcase name="m2" time="0.001" classname="Selenium.practice.TestInvoc"/>
  <testcase name="m2" time="0.001" classname="Selenium.practice.TestInvoc"/>
  <testcase name="m2" time="0.001" classname="Selenium.practice.TestInvoc"/>
  <testcase name="m2" time="0.002" classname="Selenium.practice.TestInvoc"/>
  <testcase name="m2" time="0.002" classname="Selenium.practice.TestInvoc"/>
  <testcase name="m2" time="0.001" classname="Selenium.practice.TestInvoc"/>
  <testcase name="m2" time="0.0" classname="Selenium.practice.TestInvoc"/>
  <testcase name="m2" time="0.009" classname="Selenium.practice.TestInvoc"/>
  <testcase name="m2" time="0.0" classname="Selenium.practice.TestInvoc"/>
  <testcase name="m2" time="0.001" classname="Selenium.practice.TestInvoc"/>
  <testcase name="m2" time="0.001" classname="Selenium.practice.TestInvoc"/>
  <testcase name="m2" time="0.001" classname="Selenium.practice.TestInvoc"/>
  <testcase name="m2" time="0.001" classname="Selenium.practice.TestInvoc"/>
  <testcase name="m2" time="0.0" classname="Selenium.practice.TestInvoc"/>
  <testcase name="m2" time="0.001" classname="Selenium.practice.TestInvoc"/>
  <testcase name="m2" time="0.001" classname="Selenium.practice.TestInvoc"/>
  <testcase name="m2" time="0.0" classname="Selenium.practice.TestInvoc"/>
  <testcase name="m2" time="0.001" classname="Selenium.practice.TestInvoc"/>
  <testcase name="m2" time="0.0" classname="Selenium.practice.TestInvoc"/>
  <testcase name="m2" time="0.001" classname="Selenium.practice.TestInvoc"/>
  <testcase name="m2" time="0.001" classname="Selenium.practice.TestInvoc"/>
  <testcase name="m2" time="0.001" classname="Selenium.practice.TestInvoc"/>
  <testcase name="m2" time="0.0" classname="Selenium.practice.TestInvoc"/>
  <testcase name="m2" time="0.0" classname="Selenium.practice.TestInvoc"/>
  <testcase name="m2" time="0.001" classname="Selenium.practice.TestInvoc"/>
  <testcase name="m2" time="0.0" classname="Selenium.practice.TestInvoc"/>
  <testcase name="m2" time="0.0" classname="Selenium.practice.TestInvoc"/>
  <testcase name="m2" time="0.0" classname="Selenium.practice.TestInvoc"/>
  <testcase name="m2" time="0.001" classname="Selenium.practice.TestInvoc"/>
  <testcase name="m2" time="0.001" classname="Selenium.practice.TestInvoc"/>
  <testcase name="m2" time="0.001" classname="Selenium.practice.TestInvoc"/>
  <testcase name="m2" time="0.0" classname="Selenium.practice.TestInvoc"/>
  <testcase name="m2" time="0.001" classname="Selenium.practice.TestInvoc"/>
  <testcase name="m2" time="0.0" classname="Selenium.practice.TestInvoc"/>
  <testcase name="m2" time="0.0" classname="Selenium.practice.TestInvoc"/>
  <testcase name="m2" time="0.075" classname="Selenium.practice.TestInvoc"/>
  <testcase name="m2" time="0.001" classname="Selenium.practice.TestInvoc"/>
  <testcase name="m2" time="0.0" classname="Selenium.practice.TestInvoc"/>
  <testcase name="m2" time="0.003" classname="Selenium.practice.TestInvoc"/>
  <testcase name="m2" time="0.0" classname="Selenium.practice.TestInvoc"/>
  <testcase name="m2" time="0.001" classname="Selenium.practice.TestInvoc"/>
  <testcase name="m2" time="0.001" classname="Selenium.practice.TestInvoc"/>
  <testcase name="m2" time="0.001" classname="Selenium.practice.TestInvoc"/>
  <testcase name="m2" time="0.001" classname="Selenium.practice.TestInvoc"/>
  <testcase name="m2" time="0.001" classname="Selenium.practice.TestInvoc"/>
  <testcase name="m2" time="0.001" classname="Selenium.practice.TestInvoc"/>
  <testcase name="m2" time="0.0" classname="Selenium.practice.TestInvoc"/>
  <testcase name="m2" time="0.001" classname="Selenium.practice.TestInvoc"/>
  <testcase name="m2" time="0.001" classname="Selenium.practice.TestInvoc"/>
  <testcase name="m2" time="0.001" classname="Selenium.practice.TestInvoc"/>
  <testcase name="m2" time="0.011" classname="Selenium.practice.TestInvoc"/>
  <testcase name="m2" time="0.002" classname="Selenium.practice.TestInvoc"/>
  <testcase name="m2" time="0.001" classname="Selenium.practice.TestInvoc"/>
  <testcase name="m2" time="0.001" classname="Selenium.practice.TestInvoc"/>
  <testcase name="m2" time="0.001" classname="Selenium.practice.TestInvoc"/>
  <testcase name="m2" time="0.0" classname="Selenium.practice.TestInvoc"/>
  <testcase name="m2" time="0.002" classname="Selenium.practice.TestInvoc"/>
  <testcase name="m2" time="0.001" classname="Selenium.practice.TestInvoc"/>
  <testcase name="m2" time="0.001" classname="Selenium.practice.TestInvoc"/>
  <testcase name="m2" time="0.0" classname="Selenium.practice.TestInvoc"/>
  <testcase name="m2" time="0.0" classname="Selenium.practice.TestInvoc"/>
  <testcase name="m2" time="0.0" classname="Selenium.practice.TestInvoc"/>
  <testcase name="m2" time="0.0" classname="Selenium.practice.TestInvoc"/>
  <testcase name="m2" time="0.002" classname="Selenium.practice.TestInvoc"/>
  <testcase name="m2" time="0.001" classname="Selenium.practice.TestInvoc"/>
  <testcase name="m2" time="0.001" classname="Selenium.practice.TestInvoc"/>
  <testcase name="m2" time="0.001" classname="Selenium.practice.TestInvoc"/>
  <testcase name="m2" time="0.001" classname="Selenium.practice.TestInvoc"/>
  <testcase name="m2" time="0.0" classname="Selenium.practice.TestInvoc"/>
  <testcase name="m2" time="0.0" classname="Selenium.practice.TestInvoc"/>
  <testcase name="m2" time="0.001" classname="Selenium.practice.TestInvoc"/>
  <testcase name="m2" time="0.001" classname="Selenium.practice.TestInvoc"/>
  <testcase name="m2" time="0.001" classname="Selenium.practice.TestInvoc"/>
  <testcase name="m2" time="0.002" classname="Selenium.practice.TestInvoc"/>
  <testcase name="m2" time="0.001" classname="Selenium.practice.TestInvoc"/>
  <testcase name="m2" time="0.001" classname="Selenium.practice.TestInvoc"/>
  <testcase name="m2" time="0.002" classname="Selenium.practice.TestInvoc"/>
  <testcase name="m2" time="0.001" classname="Selenium.practice.TestInvoc"/>
  <testcase name="m2" time="0.001" classname="Selenium.practice.TestInvoc"/>
  <testcase name="m2" time="0.001" classname="Selenium.practice.TestInvoc"/>
  <testcase name="m2" time="0.002" classname="Selenium.practice.TestInvoc"/>
  <testcase name="m2" time="0.001" classname="Selenium.practice.TestInvoc"/>
  <testcase name="m2" time="0.007" classname="Selenium.practice.TestInvoc"/>
  <testcase name="m2" time="0.001" classname="Selenium.practice.TestInvoc"/>
  <testcase name="m2" time="0.002" classname="Selenium.practice.TestInvoc"/>
  <testcase name="m2" time="0.0" classname="Selenium.practice.TestInvoc"/>
  <testcase name="m2" time="0.001" classname="Selenium.practice.TestInvoc"/>
  <testcase name="m2" time="0.001" classname="Selenium.practice.TestInvoc"/>
  <testcase name="m2" time="0.0" classname="Selenium.practice.TestInvoc"/>
  <testcase name="m2" time="0.001" classname="Selenium.practice.TestInvoc"/>
  <testcase name="m2" time="0.001" classname="Selenium.practice.TestInvoc"/>
  <testcase name="m2" time="0.0" classname="Selenium.practice.TestInvoc"/>
  <testcase name="m2" time="0.001" classname="Selenium.practice.TestInvoc"/>
  <testcase name="m2" time="0.001" classname="Selenium.practice.TestInvoc"/>
  <testcase name="m2" time="0.0" classname="Selenium.practice.TestInvoc"/>
  <testcase name="m2" time="0.022" classname="Selenium.practice.TestInvoc"/>
  <testcase name="m2" time="0.001" classname="Selenium.practice.TestInvoc"/>
  <testcase name="m2" time="0.0" classname="Selenium.practice.TestInvoc"/>
  <testcase name="m2" time="0.001" classname="Selenium.practice.TestInvoc"/>
  <testcase name="m2" time="0.001" classname="Selenium.practice.TestInvoc"/>
  <testcase name="m2" time="0.0" classname="Selenium.practice.TestInvoc"/>
  <testcase name="m2" time="0.001" classname="Selenium.practice.TestInvoc"/>
  <testcase name="m2" time="0.001" classname="Selenium.practice.TestInvoc"/>
  <testcase name="m2" time="0.001" classname="Selenium.practice.TestInvoc"/>
  <testcase name="m2" time="0.001" classname="Selenium.practice.TestInvoc"/>
  <testcase name="m2" time="0.001" classname="Selenium.practice.TestInvoc"/>
  <testcase name="m2" time="0.001" classname="Selenium.practice.TestInvoc"/>
  <testcase name="m2" time="0.007" classname="Selenium.practice.TestInvoc"/>
  <testcase name="m2" time="0.0" classname="Selenium.practice.TestInvoc"/>
  <testcase name="m2" time="0.004" classname="Selenium.practice.TestInvoc"/>
  <testcase name="m2" time="0.001" classname="Selenium.practice.TestInvoc"/>
  <testcase name="m2" time="0.001" classname="Selenium.practice.TestInvoc"/>
  <testcase name="m2" time="0.0" classname="Selenium.practice.TestInvoc"/>
  <testcase name="m2" time="0.001" classname="Selenium.practice.TestInvoc"/>
  <testcase name="m2" time="0.001" classname="Selenium.practice.TestInvoc"/>
  <testcase name="m2" time="0.001" classname="Selenium.practice.TestInvoc"/>
  <testcase name="m2" time="0.001" classname="Selenium.practice.TestInvoc"/>
  <testcase name="m2" time="0.001" classname="Selenium.practice.TestInvoc"/>
  <testcase name="m2" time="0.001" classname="Selenium.practice.TestInvoc"/>
  <testcase name="m2" time="0.0" classname="Selenium.practice.TestInvoc"/>
  <testcase name="m2" time="0.001" classname="Selenium.practice.TestInvoc"/>
  <testcase name="m2" time="0.001" classname="Selenium.practice.TestInvoc"/>
  <testcase name="m2" time="0.002" classname="Selenium.practice.TestInvoc"/>
  <testcase name="m2" time="0.0" classname="Selenium.practice.TestInvoc"/>
  <testcase name="m2" time="0.001" classname="Selenium.practice.TestInvoc"/>
  <testcase name="m2" time="0.007" classname="Selenium.practice.TestInvoc"/>
  <testcase name="m2" time="0.003" classname="Selenium.practice.TestInvoc"/>
  <testcase name="m2" time="0.001" classname="Selenium.practice.TestInvoc"/>
  <testcase name="m2" time="0.001" classname="Selenium.practice.TestInvoc"/>
  <testcase name="m2" time="0.001" classname="Selenium.practice.TestInvoc"/>
  <testcase name="m2" time="0.001" classname="Selenium.practice.TestInvoc"/>
  <testcase name="m2" time="0.001" classname="Selenium.practice.TestInvoc"/>
  <testcase name="m2" time="0.001" classname="Selenium.practice.TestInvoc"/>
  <testcase name="m2" time="0.0" classname="Selenium.practice.TestInvoc"/>
  <testcase name="m2" time="0.0" classname="Selenium.practice.TestInvoc"/>
  <testcase name="m2" time="0.0" classname="Selenium.practice.TestInvoc"/>
  <testcase name="m2" time="0.001" classname="Selenium.practice.TestInvoc"/>
  <testcase name="m2" time="0.001" classname="Selenium.practice.TestInvoc"/>
  <testcase name="m2" time="0.001" classname="Selenium.practice.TestInvoc"/>
  <testcase name="m2" time="0.0" classname="Selenium.practice.TestInvoc"/>
  <testcase name="m2" time="0.0" classname="Selenium.practice.TestInvoc"/>
  <testcase name="m2" time="0.0" classname="Selenium.practice.TestInvoc"/>
  <testcase name="m2" time="0.0" classname="Selenium.practice.TestInvoc"/>
  <testcase name="m2" time="0.0" classname="Selenium.practice.TestInvoc"/>
  <testcase name="m2" time="0.0" classname="Selenium.practice.TestInvoc"/>
  <testcase name="m2" time="0.0" classname="Selenium.practice.TestInvoc"/>
  <testcase name="m2" time="0.0" classname="Selenium.practice.TestInvoc"/>
  <testcase name="m2" time="0.0" classname="Selenium.practice.TestInvoc"/>
  <testcase name="m2" time="0.001" classname="Selenium.practice.TestInvoc"/>
  <testcase name="m2" time="0.001" classname="Selenium.practice.TestInvoc"/>
  <testcase name="m2" time="0.001" classname="Selenium.practice.TestInvoc"/>
  <testcase name="m2" time="0.0" classname="Selenium.practice.TestInvoc"/>
  <testcase name="m2" time="0.01" classname="Selenium.practice.TestInvoc"/>
  <testcase name="m2" time="0.001" classname="Selenium.practice.TestInvoc"/>
  <testcase name="m2" time="0.001" classname="Selenium.practice.TestInvoc"/>
  <testcase name="m2" time="0.0" classname="Selenium.practice.TestInvoc"/>
  <testcase name="m2" time="0.0" classname="Selenium.practice.TestInvoc"/>
  <testcase name="m2" time="0.0" classname="Selenium.practice.TestInvoc"/>
  <testcase name="m2" time="0.045" classname="Selenium.practice.TestInvoc"/>
  <testcase name="m2" time="0.001" classname="Selenium.practice.TestInvoc"/>
  <testcase name="m2" time="0.002" classname="Selenium.practice.TestInvoc"/>
  <testcase name="m2" time="0.001" classname="Selenium.practice.TestInvoc"/>
  <testcase name="m2" time="0.001" classname="Selenium.practice.TestInvoc"/>
  <testcase name="m2" time="0.001" classname="Selenium.practice.TestInvoc"/>
  <testcase name="m2" time="0.001" classname="Selenium.practice.TestInvoc"/>
  <testcase name="m2" time="0.002" classname="Selenium.practice.TestInvoc"/>
  <testcase name="m2" time="0.001" classname="Selenium.practice.TestInvoc"/>
  <testcase name="m2" time="0.001" classname="Selenium.practice.TestInvoc"/>
  <testcase name="m2" time="0.001" classname="Selenium.practice.TestInvoc"/>
  <testcase name="m2" time="0.001" classname="Selenium.practice.TestInvoc"/>
  <testcase name="m2" time="0.001" classname="Selenium.practice.TestInvoc"/>
  <testcase name="m2" time="0.001" classname="Selenium.practice.TestInvoc"/>
  <testcase name="m2" time="0.001" classname="Selenium.practice.TestInvoc"/>
  <testcase name="m2" time="0.001" classname="Selenium.practice.TestInvoc"/>
  <testcase name="m2" time="0.001" classname="Selenium.practice.TestInvoc"/>
  <testcase name="m2" time="0.001" classname="Selenium.practice.TestInvoc"/>
  <testcase name="m2" time="0.001" classname="Selenium.practice.TestInvoc"/>
  <testcase name="m2" time="0.0" classname="Selenium.practice.TestInvoc"/>
  <testcase name="m2" time="0.001" classname="Selenium.practice.TestInvoc"/>
  <testcase name="m2" time="0.001" classname="Selenium.practice.TestInvoc"/>
  <testcase name="m2" time="0.001" classname="Selenium.practice.TestInvoc"/>
  <testcase name="m2" time="0.001" classname="Selenium.practice.TestInvoc"/>
  <testcase name="m2" time="0.0" classname="Selenium.practice.TestInvoc"/>
  <testcase name="m2" time="0.001" classname="Selenium.practice.TestInvoc"/>
  <testcase name="m2" time="0.001" classname="Selenium.practice.TestInvoc"/>
  <testcase name="m2" time="0.001" classname="Selenium.practice.TestInvoc"/>
  <testcase name="m2" time="0.001" classname="Selenium.practice.TestInvoc"/>
  <testcase name="m2" time="0.021" classname="Selenium.practice.TestInvoc"/>
  <testcase name="m2" time="0.0" classname="Selenium.practice.TestInvoc"/>
  <testcase name="m2" time="0.0" classname="Selenium.practice.TestInvoc"/>
  <testcase name="m2" time="0.001" classname="Selenium.practice.TestInvoc"/>
  <testcase name="m2" time="0.001" classname="Selenium.practice.TestInvoc"/>
  <testcase name="m2" time="0.0" classname="Selenium.practice.TestInvoc"/>
  <testcase name="m2" time="0.001" classname="Selenium.practice.TestInvoc"/>
  <testcase name="m2" time="0.001" classname="Selenium.practice.TestInvoc"/>
  <testcase name="m2" time="0.0" classname="Selenium.practice.TestInvoc"/>
  <testcase name="m2" time="0.001" classname="Selenium.practice.TestInvoc"/>
  <testcase name="m2" time="0.001" classname="Selenium.practice.TestInvoc"/>
  <testcase name="m2" time="0.001" classname="Selenium.practice.TestInvoc"/>
  <testcase name="m2" time="0.001" classname="Selenium.practice.TestInvoc"/>
  <testcase name="m2" time="0.001" classname="Selenium.practice.TestInvoc"/>
  <testcase name="m2" time="0.001" classname="Selenium.practice.TestInvoc"/>
  <testcase name="m2" time="0.001" classname="Selenium.practice.TestInvoc"/>
  <testcase name="m2" time="0.001" classname="Selenium.practice.TestInvoc"/>
  <testcase name="m2" time="0.001" classname="Selenium.practice.TestInvoc"/>
  <testcase name="m2" time="0.0" classname="Selenium.practice.TestInvoc"/>
  <testcase name="m2" time="0.001" classname="Selenium.practice.TestInvoc"/>
  <testcase name="m2" time="0.001" classname="Selenium.practice.TestInvoc"/>
  <testcase name="m2" time="0.0" classname="Selenium.practice.TestInvoc"/>
  <testcase name="m2" time="0.001" classname="Selenium.practice.TestInvoc"/>
  <testcase name="m2" time="0.001" classname="Selenium.practice.TestInvoc"/>
  <testcase name="m2" time="0.0" classname="Selenium.practice.TestInvoc"/>
  <testcase name="m2" time="0.001" classname="Selenium.practice.TestInvoc"/>
  <testcase name="m2" time="0.001" classname="Selenium.practice.TestInvoc"/>
  <testcase name="m2" time="0.0" classname="Selenium.practice.TestInvoc"/>
  <testcase name="m2" time="0.001" classname="Selenium.practice.TestInvoc"/>
  <testcase name="m2" time="0.001" classname="Selenium.practice.TestInvoc"/>
  <testcase name="m2" time="0.0" classname="Selenium.practice.TestInvoc"/>
  <testcase name="m2" time="0.015" classname="Selenium.practice.TestInvoc"/>
  <testcase name="m2" time="0.001" classname="Selenium.practice.TestInvoc"/>
  <testcase name="m2" time="0.023" classname="Selenium.practice.TestInvoc"/>
  <testcase name="m2" time="0.001" classname="Selenium.practice.TestInvoc"/>
  <testcase name="m2" time="0.001" classname="Selenium.practice.TestInvoc"/>
  <testcase name="m2" time="0.0" classname="Selenium.practice.TestInvoc"/>
  <testcase name="m2" time="0.001" classname="Selenium.practice.TestInvoc"/>
  <testcase name="m2" time="0.007" classname="Selenium.practice.TestInvoc"/>
  <testcase name="m2" time="0.0" classname="Selenium.practice.TestInvoc"/>
  <testcase name="m2" time="0.0" classname="Selenium.practice.TestInvoc"/>
  <testcase name="m2" time="0.001" classname="Selenium.practice.TestInvoc"/>
  <testcase name="m2" time="0.0" classname="Selenium.practice.TestInvoc"/>
  <testcase name="m2" time="0.001" classname="Selenium.practice.TestInvoc"/>
  <testcase name="m2" time="0.001" classname="Selenium.practice.TestInvoc"/>
  <testcase name="m2" time="0.0" classname="Selenium.practice.TestInvoc"/>
  <testcase name="m2" time="0.001" classname="Selenium.practice.TestInvoc"/>
  <testcase name="m2" time="0.001" classname="Selenium.practice.TestInvoc"/>
  <testcase name="m2" time="0.002" classname="Selenium.practice.TestInvoc"/>
  <testcase name="m2" time="0.0" classname="Selenium.practice.TestInvoc"/>
  <testcase name="m2" time="0.0" classname="Selenium.practice.TestInvoc"/>
  <testcase name="m2" time="0.0" classname="Selenium.practice.TestInvoc"/>
  <testcase name="m2" time="0.001" classname="Selenium.practice.TestInvoc"/>
  <testcase name="m2" time="0.0" classname="Selenium.practice.TestInvoc"/>
  <testcase name="m2" time="0.0" classname="Selenium.practice.TestInvoc"/>
  <testcase name="m2" time="0.0" classname="Selenium.practice.TestInvoc"/>
  <testcase name="m2" time="0.001" classname="Selenium.practice.TestInvoc"/>
  <testcase name="m2" time="0.001" classname="Selenium.practice.TestInvoc"/>
  <testcase name="m2" time="0.001" classname="Selenium.practice.TestInvoc"/>
  <testcase name="m2" time="0.001" classname="Selenium.practice.TestInvoc"/>
  <testcase name="m2" time="0.0" classname="Selenium.practice.TestInvoc"/>
  <testcase name="m2" time="0.001" classname="Selenium.practice.TestInvoc"/>
  <testcase name="m2" time="0.001" classname="Selenium.practice.TestInvoc"/>
  <testcase name="m2" time="0.001" classname="Selenium.practice.TestInvoc"/>
  <testcase name="m2" time="0.001" classname="Selenium.practice.TestInvoc"/>
  <testcase name="m2" time="0.001" classname="Selenium.practice.TestInvoc"/>
  <testcase name="m2" time="0.058" classname="Selenium.practice.TestInvoc"/>
  <testcase name="m2" time="0.001" classname="Selenium.practice.TestInvoc"/>
  <testcase name="m2" time="0.001" classname="Selenium.practice.TestInvoc"/>
  <testcase name="m2" time="0.002" classname="Selenium.practice.TestInvoc"/>
  <testcase name="m2" time="0.001" classname="Selenium.practice.TestInvoc"/>
  <testcase name="m2" time="0.001" classname="Selenium.practice.TestInvoc"/>
  <testcase name="m2" time="0.003" classname="Selenium.practice.TestInvoc"/>
  <testcase name="m2" time="0.002" classname="Selenium.practice.TestInvoc"/>
  <testcase name="m2" time="0.001" classname="Selenium.practice.TestInvoc"/>
  <testcase name="m2" time="0.002" classname="Selenium.practice.TestInvoc"/>
  <testcase name="m2" time="0.001" classname="Selenium.practice.TestInvoc"/>
  <testcase name="m2" time="0.001" classname="Selenium.practice.TestInvoc"/>
  <testcase name="m2" time="0.001" classname="Selenium.practice.TestInvoc"/>
  <testcase name="m2" time="0.007" classname="Selenium.practice.TestInvoc"/>
  <testcase name="m2" time="0.004" classname="Selenium.practice.TestInvoc"/>
  <testcase name="m2" time="0.001" classname="Selenium.practice.TestInvoc"/>
  <testcase name="m2" time="0.001" classname="Selenium.practice.TestInvoc"/>
  <testcase name="m2" time="0.001" classname="Selenium.practice.TestInvoc"/>
  <testcase name="m2" time="0.001" classname="Selenium.practice.TestInvoc"/>
  <testcase name="m2" time="0.001" classname="Selenium.practice.TestInvoc"/>
  <testcase name="m2" time="0.002" classname="Selenium.practice.TestInvoc"/>
  <testcase name="m2" time="0.001" classname="Selenium.practice.TestInvoc"/>
  <testcase name="m2" time="0.001" classname="Selenium.practice.TestInvoc"/>
  <testcase name="m2" time="0.001" classname="Selenium.practice.TestInvoc"/>
  <testcase name="m2" time="0.001" classname="Selenium.practice.TestInvoc"/>
  <testcase name="m2" time="0.002" classname="Selenium.practice.TestInvoc"/>
  <testcase name="m2" time="0.001" classname="Selenium.practice.TestInvoc"/>
  <testcase name="m2" time="0.002" classname="Selenium.practice.TestInvoc"/>
  <testcase name="m2" time="0.001" classname="Selenium.practice.TestInvoc"/>
  <testcase name="m2" time="0.001" classname="Selenium.practice.TestInvoc"/>
  <testcase name="m2" time="0.002" classname="Selenium.practice.TestInvoc"/>
  <testcase name="m2" time="0.002" classname="Selenium.practice.TestInvoc"/>
  <testcase name="m2" time="0.002" classname="Selenium.practice.TestInvoc"/>
  <testcase name="m2" time="0.003" classname="Selenium.practice.TestInvoc"/>
  <testcase name="m2" time="0.002" classname="Selenium.practice.TestInvoc"/>
  <testcase name="m2" time="0.002" classname="Selenium.practice.TestInvoc"/>
  <testcase name="m2" time="0.003" classname="Selenium.practice.TestInvoc"/>
  <testcase name="m2" time="0.001" classname="Selenium.practice.TestInvoc"/>
  <testcase name="m2" time="0.001" classname="Selenium.practice.TestInvoc"/>
  <testcase name="m2" time="0.001" classname="Selenium.practice.TestInvoc"/>
  <testcase name="m2" time="0.002" classname="Selenium.practice.TestInvoc"/>
  <testcase name="m2" time="0.001" classname="Selenium.practice.TestInvoc"/>
  <testcase name="m2" time="0.001" classname="Selenium.practice.TestInvoc"/>
  <testcase name="m2" time="0.001" classname="Selenium.practice.TestInvoc"/>
  <testcase name="m2" time="0.002" classname="Selenium.practice.TestInvoc"/>
  <testcase name="m2" time="0.002" classname="Selenium.practice.TestInvoc"/>
  <testcase name="m2" time="0.001" classname="Selenium.practice.TestInvoc"/>
  <testcase name="m2" time="0.001" classname="Selenium.practice.TestInvoc"/>
  <testcase name="m2" time="0.002" classname="Selenium.practice.TestInvoc"/>
  <testcase name="m2" time="0.001" classname="Selenium.practice.TestInvoc"/>
  <testcase name="m2" time="0.002" classname="Selenium.practice.TestInvoc"/>
  <testcase name="m2" time="0.001" classname="Selenium.practice.TestInvoc"/>
  <testcase name="m2" time="0.001" classname="Selenium.practice.TestInvoc"/>
  <testcase name="m2" time="0.002" classname="Selenium.practice.TestInvoc"/>
  <testcase name="m2" time="0.002" classname="Selenium.practice.TestInvoc"/>
  <testcase name="m2" time="0.003" classname="Selenium.practice.TestInvoc"/>
  <testcase name="m2" time="0.001" classname="Selenium.practice.TestInvoc"/>
  <testcase name="m2" time="0.001" classname="Selenium.practice.TestInvoc"/>
  <testcase name="m2" time="0.001" classname="Selenium.practice.TestInvoc"/>
  <testcase name="m2" time="0.001" classname="Selenium.practice.TestInvoc"/>
  <testcase name="m2" time="0.001" classname="Selenium.practice.TestInvoc"/>
  <testcase name="m2" time="0.001" classname="Selenium.practice.TestInvoc"/>
  <testcase name="m2" time="0.002" classname="Selenium.practice.TestInvoc"/>
  <testcase name="m2" time="0.001" classname="Selenium.practice.TestInvoc"/>
  <testcase name="m2" time="0.001" classname="Selenium.practice.TestInvoc"/>
  <testcase name="m2" time="0.001" classname="Selenium.practice.TestInvoc"/>
  <testcase name="m2" time="0.001" classname="Selenium.practice.TestInvoc"/>
  <testcase name="m2" time="0.001" classname="Selenium.practice.TestInvoc"/>
  <testcase name="m2" time="0.001" classname="Selenium.practice.TestInvoc"/>
  <testcase name="m2" time="0.002" classname="Selenium.practice.TestInvoc"/>
  <testcase name="m2" time="0.001" classname="Selenium.practice.TestInvoc"/>
  <testcase name="m2" time="0.002" classname="Selenium.practice.TestInvoc"/>
  <testcase name="m2" time="0.002" classname="Selenium.practice.TestInvoc"/>
  <testcase name="m2" time="0.002" classname="Selenium.practice.TestInvoc"/>
  <testcase name="m2" time="0.002" classname="Selenium.practice.TestInvoc"/>
  <testcase name="m2" time="0.001" classname="Selenium.practice.TestInvoc"/>
  <testcase name="m2" time="0.001" classname="Selenium.practice.TestInvoc"/>
  <testcase name="m2" time="0.001" classname="Selenium.practice.TestInvoc"/>
  <testcase name="m2" time="0.002" classname="Selenium.practice.TestInvoc"/>
  <testcase name="m2" time="0.001" classname="Selenium.practice.TestInvoc"/>
  <testcase name="m2" time="0.035" classname="Selenium.practice.TestInvoc"/>
  <testcase name="m2" time="0.001" classname="Selenium.practice.TestInvoc"/>
  <testcase name="m2" time="0.001" classname="Selenium.practice.TestInvoc"/>
  <testcase name="m2" time="0.001" classname="Selenium.practice.TestInvoc"/>
  <testcase name="m2" time="0.002" classname="Selenium.practice.TestInvoc"/>
  <testcase name="m2" time="0.002" classname="Selenium.practice.TestInvoc"/>
  <testcase name="m2" time="0.002" classname="Selenium.practice.TestInvoc"/>
  <testcase name="m2" time="0.001" classname="Selenium.practice.TestInvoc"/>
  <testcase name="m2" time="0.001" classname="Selenium.practice.TestInvoc"/>
  <testcase name="m2" time="0.001" classname="Selenium.practice.TestInvoc"/>
  <testcase name="m2" time="0.0" classname="Selenium.practice.TestInvoc"/>
  <testcase name="m2" time="0.0" classname="Selenium.practice.TestInvoc"/>
  <testcase name="m2" time="0.001" classname="Selenium.practice.TestInvoc"/>
  <testcase name="m2" time="0.004" classname="Selenium.practice.TestInvoc"/>
  <testcase name="m2" time="0.0" classname="Selenium.practice.TestInvoc"/>
  <testcase name="m2" time="0.0" classname="Selenium.practice.TestInvoc"/>
  <testcase name="m2" time="0.001" classname="Selenium.practice.TestInvoc"/>
  <testcase name="m2" time="0.0" classname="Selenium.practice.TestInvoc"/>
  <testcase name="m2" time="0.001" classname="Selenium.practice.TestInvoc"/>
  <testcase name="m2" time="0.001" classname="Selenium.practice.TestInvoc"/>
  <testcase name="m2" time="0.0" classname="Selenium.practice.TestInvoc"/>
  <testcase name="m2" time="0.001" classname="Selenium.practice.TestInvoc"/>
  <testcase name="m2" time="0.001" classname="Selenium.practice.TestInvoc"/>
  <testcase name="m2" time="0.0" classname="Selenium.practice.TestInvoc"/>
  <testcase name="m2" time="0.001" classname="Selenium.practice.TestInvoc"/>
  <testcase name="m2" time="0.001" classname="Selenium.practice.TestInvoc"/>
  <testcase name="m2" time="0.001" classname="Selenium.practice.TestInvoc"/>
  <testcase name="m2" time="0.001" classname="Selenium.practice.TestInvoc"/>
  <testcase name="m2" time="0.0" classname="Selenium.practice.TestInvoc"/>
  <testcase name="m2" time="0.001" classname="Selenium.practice.TestInvoc"/>
  <testcase name="m2" time="0.0" classname="Selenium.practice.TestInvoc"/>
  <testcase name="m2" time="0.001" classname="Selenium.practice.TestInvoc"/>
  <testcase name="m2" time="0.001" classname="Selenium.practice.TestInvoc"/>
  <testcase name="m2" time="0.0" classname="Selenium.practice.TestInvoc"/>
  <testcase name="m2" time="0.001" classname="Selenium.practice.TestInvoc"/>
  <testcase name="m2" time="0.001" classname="Selenium.practice.TestInvoc"/>
  <testcase name="m2" time="0.0" classname="Selenium.practice.TestInvoc"/>
  <testcase name="m2" time="0.001" classname="Selenium.practice.TestInvoc"/>
  <testcase name="m2" time="0.001" classname="Selenium.practice.TestInvoc"/>
  <testcase name="m2" time="0.034" classname="Selenium.practice.TestInvoc"/>
  <testcase name="m2" time="0.0" classname="Selenium.practice.TestInvoc"/>
  <testcase name="m2" time="0.0" classname="Selenium.practice.TestInvoc"/>
  <testcase name="m2" time="0.006" classname="Selenium.practice.TestInvoc"/>
  <testcase name="m2" time="0.001" classname="Selenium.practice.TestInvoc"/>
  <testcase name="m2" time="0.0" classname="Selenium.practice.TestInvoc"/>
  <testcase name="m2" time="0.004" classname="Selenium.practice.TestInvoc"/>
  <testcase name="m2" time="0.001" classname="Selenium.practice.TestInvoc"/>
  <testcase name="m2" time="0.001" classname="Selenium.practice.TestInvoc"/>
  <testcase name="m2" time="0.0" classname="Selenium.practice.TestInvoc"/>
  <testcase name="m2" time="0.0" classname="Selenium.practice.TestInvoc"/>
  <testcase name="m2" time="0.001" classname="Selenium.practice.TestInvoc"/>
  <testcase name="m2" time="0.005" classname="Selenium.practice.TestInvoc"/>
  <testcase name="m2" time="0.001" classname="Selenium.practice.TestInvoc"/>
  <testcase name="m2" time="0.002" classname="Selenium.practice.TestInvoc"/>
  <testcase name="m2" time="0.001" classname="Selenium.practice.TestInvoc"/>
  <testcase name="m2" time="0.001" classname="Selenium.practice.TestInvoc"/>
  <testcase name="m2" time="0.001" classname="Selenium.practice.TestInvoc"/>
  <testcase name="m2" time="0.001" classname="Selenium.practice.TestInvoc"/>
  <testcase name="m2" time="0.002" classname="Selenium.practice.TestInvoc"/>
  <testcase name="m2" time="0.001" classname="Selenium.practice.TestInvoc"/>
  <testcase name="m2" time="0.001" classname="Selenium.practice.TestInvoc"/>
  <testcase name="m2" time="0.001" classname="Selenium.practice.TestInvoc"/>
  <testcase name="m2" time="0.001" classname="Selenium.practice.TestInvoc"/>
  <testcase name="m2" time="0.001" classname="Selenium.practice.TestInvoc"/>
  <testcase name="m2" time="0.001" classname="Selenium.practice.TestInvoc"/>
  <testcase name="m2" time="0.001" classname="Selenium.practice.TestInvoc"/>
  <testcase name="m2" time="0.001" classname="Selenium.practice.TestInvoc"/>
  <testcase name="m2" time="0.002" classname="Selenium.practice.TestInvoc"/>
  <testcase name="m2" time="0.001" classname="Selenium.practice.TestInvoc"/>
  <testcase name="m2" time="0.02" classname="Selenium.practice.TestInvoc"/>
  <testcase name="m2" time="0.001" classname="Selenium.practice.TestInvoc"/>
  <testcase name="m2" time="0.001" classname="Selenium.practice.TestInvoc"/>
  <testcase name="m2" time="0.001" classname="Selenium.practice.TestInvoc"/>
  <testcase name="m2" time="0.001" classname="Selenium.practice.TestInvoc"/>
  <testcase name="m2" time="0.001" classname="Selenium.practice.TestInvoc"/>
  <testcase name="m2" time="0.002" classname="Selenium.practice.TestInvoc"/>
  <testcase name="m2" time="0.001" classname="Selenium.practice.TestInvoc"/>
  <testcase name="m2" time="0.001" classname="Selenium.practice.TestInvoc"/>
  <testcase name="m2" time="0.002" classname="Selenium.practice.TestInvoc"/>
  <testcase name="m2" time="0.001" classname="Selenium.practice.TestInvoc"/>
  <testcase name="m2" time="0.001" classname="Selenium.practice.TestInvoc"/>
  <testcase name="m2" time="0.001" classname="Selenium.practice.TestInvoc"/>
  <testcase name="m2" time="0.002" classname="Selenium.practice.TestInvoc"/>
  <testcase name="m2" time="0.001" classname="Selenium.practice.TestInvoc"/>
  <testcase name="m2" time="0.002" classname="Selenium.practice.TestInvoc"/>
  <testcase name="m2" time="0.001" classname="Selenium.practice.TestInvoc"/>
  <testcase name="m2" time="0.001" classname="Selenium.practice.TestInvoc"/>
  <testcase name="m2" time="0.0" classname="Selenium.practice.TestInvoc"/>
  <testcase name="m2" time="0.001" classname="Selenium.practice.TestInvoc"/>
  <testcase name="m2" time="0.001" classname="Selenium.practice.TestInvoc"/>
  <testcase name="m2" time="0.0" classname="Selenium.practice.TestInvoc"/>
  <testcase name="m2" time="0.001" classname="Selenium.practice.TestInvoc"/>
  <testcase name="m2" time="0.001" classname="Selenium.practice.TestInvoc"/>
  <testcase name="m2" time="0.0" classname="Selenium.practice.TestInvoc"/>
  <testcase name="m2" time="0.001" classname="Selenium.practice.TestInvoc"/>
  <testcase name="m2" time="0.001" classname="Selenium.practice.TestInvoc"/>
  <testcase name="m2" time="0.001" classname="Selenium.practice.TestInvoc"/>
  <testcase name="m2" time="0.0" classname="Selenium.practice.TestInvoc"/>
  <testcase name="m2" time="0.027" classname="Selenium.practice.TestInvoc"/>
  <testcase name="m2" time="0.0" classname="Selenium.practice.TestInvoc"/>
  <testcase name="m2" time="0.0" classname="Selenium.practice.TestInvoc"/>
  <testcase name="m2" time="0.001" classname="Selenium.practice.TestInvoc"/>
  <testcase name="m2" time="0.001" classname="Selenium.practice.TestInvoc"/>
  <testcase name="m2" time="0.01" classname="Selenium.practice.TestInvoc"/>
  <testcase name="m2" time="0.0" classname="Selenium.practice.TestInvoc"/>
  <testcase name="m2" time="0.001" classname="Selenium.practice.TestInvoc"/>
  <testcase name="m2" time="0.0" classname="Selenium.practice.TestInvoc"/>
  <testcase name="m2" time="0.001" classname="Selenium.practice.TestInvoc"/>
  <testcase name="m2" time="0.0" classname="Selenium.practice.TestInvoc"/>
  <testcase name="m2" time="0.001" classname="Selenium.practice.TestInvoc"/>
  <testcase name="m2" time="0.001" classname="Selenium.practice.TestInvoc"/>
  <testcase name="m2" time="0.001" classname="Selenium.practice.TestInvoc"/>
  <testcase name="m2" time="0.0" classname="Selenium.practice.TestInvoc"/>
  <testcase name="m2" time="0.001" classname="Selenium.practice.TestInvoc"/>
  <testcase name="m2" time="0.001" classname="Selenium.practice.TestInvoc"/>
  <testcase name="m2" time="0.0" classname="Selenium.practice.TestInvoc"/>
  <testcase name="m2" time="0.001" classname="Selenium.practice.TestInvoc"/>
  <testcase name="m2" time="0.001" classname="Selenium.practice.TestInvoc"/>
  <testcase name="m2" time="0.0" classname="Selenium.practice.TestInvoc"/>
  <testcase name="m2" time="0.001" classname="Selenium.practice.TestInvoc"/>
  <testcase name="m2" time="0.001" classname="Selenium.practice.TestInvoc"/>
  <testcase name="m2" time="0.0" classname="Selenium.practice.TestInvoc"/>
  <testcase name="m2" time="0.001" classname="Selenium.practice.TestInvoc"/>
  <testcase name="m2" time="0.001" classname="Selenium.practice.TestInvoc"/>
  <testcase name="m2" time="0.001" classname="Selenium.practice.TestInvoc"/>
  <testcase name="m2" time="0.001" classname="Selenium.practice.TestInvoc"/>
  <testcase name="m2" time="0.0" classname="Selenium.practice.TestInvoc"/>
  <testcase name="m2" time="0.001" classname="Selenium.practice.TestInvoc"/>
  <testcase name="m2" time="0.001" classname="Selenium.practice.TestInvoc"/>
  <testcase name="m2" time="0.0" classname="Selenium.practice.TestInvoc"/>
  <testcase name="m2" time="0.0" classname="Selenium.practice.TestInvoc"/>
  <testcase name="m2" time="0.001" classname="Selenium.practice.TestInvoc"/>
  <testcase name="m2" time="0.002" classname="Selenium.practice.TestInvoc"/>
  <testcase name="m2" time="0.0" classname="Selenium.practice.TestInvoc"/>
  <testcase name="m2" time="0.001" classname="Selenium.practice.TestInvoc"/>
  <testcase name="m2" time="0.001" classname="Selenium.practice.TestInvoc"/>
  <testcase name="m2" time="0.001" classname="Selenium.practice.TestInvoc"/>
  <testcase name="m2" time="0.0" classname="Selenium.practice.TestInvoc"/>
  <testcase name="m2" time="0.001" classname="Selenium.practice.TestInvoc"/>
  <testcase name="m2" time="0.001" classname="Selenium.practice.TestInvoc"/>
  <testcase name="m2" time="0.0" classname="Selenium.practice.TestInvoc"/>
  <testcase name="m2" time="0.0" classname="Selenium.practice.TestInvoc"/>
  <testcase name="m2" time="0.001" classname="Selenium.practice.TestInvoc"/>
  <testcase name="m2" time="0.001" classname="Selenium.practice.TestInvoc"/>
  <testcase name="m2" time="0.0" classname="Selenium.practice.TestInvoc"/>
  <testcase name="m2" time="0.001" classname="Selenium.practice.TestInvoc"/>
  <testcase name="m2" time="0.0" classname="Selenium.practice.TestInvoc"/>
  <testcase name="m2" time="0.0" classname="Selenium.practice.TestInvoc"/>
  <testcase name="m2" time="0.0" classname="Selenium.practice.TestInvoc"/>
  <testcase name="m2" time="0.003" classname="Selenium.practice.TestInvoc"/>
  <testcase name="m2" time="0.001" classname="Selenium.practice.TestInvoc"/>
  <testcase name="m2" time="0.001" classname="Selenium.practice.TestInvoc"/>
  <testcase name="m2" time="0.014" classname="Selenium.practice.TestInvoc"/>
  <testcase name="m2" time="0.001" classname="Selenium.practice.TestInvoc"/>
  <testcase name="m2" time="0.001" classname="Selenium.practice.TestInvoc"/>
</testsuite> <!-- Default test -->
